2024-06-01 11:13:53,005 INFO o.s.b.StartupInfoLogger [main] Starting Bej1Synergy7NugrahAnggaraSiregarChallange4Application using Java 19.0.2 with PID 8712 (C:\Users\User\Desktop\BEJ1_SYNERGY-7_Nugrah-Anggara-Siregar_Challange-4\target\classes started by User in C:\Users\User\Desktop\BEJ1_SYNERGY-7_Nugrah-Anggara-Siregar_Challange-4)
2024-06-01 11:13:53,012 INFO o.s.b.SpringApplication [main] No active profile set, falling back to 1 default profile: "default"
2024-06-01 11:13:54,981 INFO o.s.d.r.c.RepositoryConfigurationDelegate [main] Bootstrapping Spring Data JPA repositories in DEFAULT mode.
2024-06-01 11:13:55,143 INFO o.s.d.r.c.RepositoryConfigurationDelegate [main] Finished Spring Data repository scanning in 142 ms. Found 5 JPA repository interfaces.
2024-06-01 11:13:56,218 INFO o.s.b.w.e.t.TomcatWebServer [main] Tomcat initialized with port 8082 (http)
2024-06-01 11:13:56,234 INFO o.a.j.l.DirectJDKLog [main] Initializing ProtocolHandler ["http-nio-8082"]
2024-06-01 11:13:56,239 INFO o.a.j.l.DirectJDKLog [main] Starting service [Tomcat]
2024-06-01 11:13:56,241 INFO o.a.j.l.DirectJDKLog [main] Starting Servlet engine: [Apache Tomcat/10.1.20]
2024-06-01 11:13:56,358 INFO o.a.j.l.DirectJDKLog [main] Initializing Spring embedded WebApplicationContext
2024-06-01 11:13:56,362 INFO o.s.b.w.s.c.ServletWebServerApplicationContext [main] Root WebApplicationContext: initialization completed in 3190 ms
2024-06-01 11:13:56,694 INFO o.h.j.i.u.LogHelper [main] HHH000204: Processing PersistenceUnitInfo [name: default]
2024-06-01 11:13:56,788 INFO o.h.Version [main] HHH000412: Hibernate ORM core version 6.4.4.Final
2024-06-01 11:13:56,850 INFO o.h.c.i.RegionFactoryInitiator [main] HHH000026: Second-level cache disabled
2024-06-01 11:13:57,234 INFO o.s.o.j.p.SpringPersistenceUnitInfo [main] No LoadTimeWeaver setup: ignoring JPA class transformer
2024-06-01 11:13:57,270 INFO c.z.h.HikariDataSource [main] HikariPool-1 - Starting...
2024-06-01 11:13:57,568 INFO c.z.h.p.HikariPool [main] HikariPool-1 - Added connection org.postgresql.jdbc.PgConnection@5a8d676e
2024-06-01 11:13:57,571 INFO c.z.h.HikariDataSource [main] HikariPool-1 - Start completed.
2024-06-01 11:13:57,621 WARN o.h.e.j.d.i.DialectFactoryImpl [main] HHH90000025: PostgreSQLDialect does not need to be specified explicitly using 'hibernate.dialect' (remove the property setting and it will be selected by default)
2024-06-01 11:13:59,364 INFO o.h.e.t.j.p.i.JtaPlatformInitiator [main] HHH000489: No JTA platform available (set 'hibernate.transaction.jta.platform' to enable JTA platform integration)
2024-06-01 11:13:59,530 INFO o.s.o.j.AbstractEntityManagerFactoryBean [main] Initialized JPA EntityManagerFactory for persistence unit 'default'
2024-06-01 11:14:00,158 INFO o.s.d.j.r.q.QueryEnhancerFactory [main] Hibernate is in classpath; If applicable, HQL parser will be used.
2024-06-01 11:14:00,466 WARN o.s.b.a.o.j.JpaBaseConfiguration$JpaWebConfiguration [main] spring.jpa.open-in-view is enabled by default. Therefore, database queries may be performed during view rendering. Explicitly configure spring.jpa.open-in-view to disable this warning
2024-06-01 11:14:01,433 WARN o.s.b.a.s.s.UserDetailsServiceAutoConfiguration [main] 

Using generated security password: 938aa583-b9a1-4897-a76d-8facf09eb20c

This generated password is for development use only. Your security configuration must be updated before running your application in production.

2024-06-01 11:14:01,766 INFO o.s.s.w.DefaultSecurityFilterChain [main] Will secure any request with [org.springframework.security.web.session.DisableEncodeUrlFilter@35c83c56, org.springframework.security.web.context.request.async.WebAsyncManagerIntegrationFilter@1899c7ae, org.springframework.security.web.context.SecurityContextHolderFilter@729eef5f, org.springframework.security.web.header.HeaderWriterFilter@7af5ce66, org.springframework.web.filter.CorsFilter@5cdf2c83, org.springframework.security.web.csrf.CsrfFilter@5653429e, org.springframework.security.web.authentication.logout.LogoutFilter@21b75073, org.springframework.security.web.authentication.UsernamePasswordAuthenticationFilter@1aee0f49, org.springframework.security.web.authentication.ui.DefaultLoginPageGeneratingFilter@335cbcbd, org.springframework.security.web.authentication.ui.DefaultLogoutPageGeneratingFilter@30e734a1, org.springframework.security.web.authentication.www.BasicAuthenticationFilter@1df60140, org.springframework.security.web.savedrequest.RequestCacheAwareFilter@46c7e6c0, org.springframework.security.web.servletapi.SecurityContextHolderAwareRequestFilter@701a79b, org.springframework.security.web.authentication.AnonymousAuthenticationFilter@44b99467, org.springframework.security.web.access.ExceptionTranslationFilter@17a89cb1, org.springframework.security.web.access.intercept.AuthorizationFilter@7672dd7a]
2024-06-01 11:14:01,857 INFO o.a.j.l.DirectJDKLog [main] Starting ProtocolHandler ["http-nio-8082"]
2024-06-01 11:14:01,901 INFO o.s.b.w.e.t.TomcatWebServer [main] Tomcat started on port 8082 (http) with context path ''
2024-06-01 11:14:01,934 INFO o.s.b.StartupInfoLogger [main] Started Bej1Synergy7NugrahAnggaraSiregarChallange4Application in 9.634 seconds (process running for 10.828)
