2024-06-03 20:00:56,021 INFO o.s.b.StartupInfoLogger [main] Starting Bej1Synergy7NugrahAnggaraSiregarChallange4Application using Java 19.0.2 with PID 5820 (C:\Users\User\Desktop\BEJ1_SYNERGY-7_Nugrah-Anggara-Siregar_Challange-4\target\classes started by User in C:\Users\User\Desktop\BEJ1_SYNERGY-7_Nugrah-Anggara-Siregar_Challange-4)
2024-06-03 20:00:56,026 INFO o.s.b.SpringApplication [main] No active profile set, falling back to 1 default profile: "default"
2024-06-03 20:00:58,666 INFO o.s.d.r.c.RepositoryConfigurationDelegate [main] Bootstrapping Spring Data JPA repositories in DEFAULT mode.
2024-06-03 20:00:59,013 INFO o.s.d.r.c.RepositoryConfigurationDelegate [main] Finished Spring Data repository scanning in 308 ms. Found 6 JPA repository interfaces.
2024-06-03 20:01:00,809 INFO o.s.b.w.e.t.TomcatWebServer [main] Tomcat initialized with port 8082 (http)
2024-06-03 20:01:00,836 INFO o.a.j.l.DirectJDKLog [main] Initializing ProtocolHandler ["http-nio-8082"]
2024-06-03 20:01:00,840 INFO o.a.j.l.DirectJDKLog [main] Starting service [Tomcat]
2024-06-03 20:01:00,841 INFO o.a.j.l.DirectJDKLog [main] Starting Servlet engine: [Apache Tomcat/10.1.20]
2024-06-03 20:01:01,133 INFO o.a.j.l.DirectJDKLog [main] Initializing Spring embedded WebApplicationContext
2024-06-03 20:01:01,137 INFO o.s.b.w.s.c.ServletWebServerApplicationContext [main] Root WebApplicationContext: initialization completed in 4985 ms
2024-06-03 20:01:01,747 INFO o.h.j.i.u.LogHelper [main] HHH000204: Processing PersistenceUnitInfo [name: default]
2024-06-03 20:01:02,035 INFO o.h.Version [main] HHH000412: Hibernate ORM core version 6.4.4.Final
2024-06-03 20:01:02,161 INFO o.h.c.i.RegionFactoryInitiator [main] HHH000026: Second-level cache disabled
2024-06-03 20:01:02,718 INFO o.s.o.j.p.SpringPersistenceUnitInfo [main] No LoadTimeWeaver setup: ignoring JPA class transformer
2024-06-03 20:01:02,793 INFO c.z.h.HikariDataSource [main] HikariPool-1 - Starting...
2024-06-03 20:01:08,935 INFO c.z.h.p.HikariPool [main] HikariPool-1 - Added connection org.postgresql.jdbc.PgConnection@1fbd5e0
2024-06-03 20:01:08,939 INFO c.z.h.HikariDataSource [main] HikariPool-1 - Start completed.
2024-06-03 20:01:09,646 WARN o.h.e.j.d.i.DialectFactoryImpl [main] HHH90000025: PostgreSQLDialect does not need to be specified explicitly using 'hibernate.dialect' (remove the property setting and it will be selected by default)
2024-06-03 20:01:11,693 INFO o.h.e.t.j.p.i.JtaPlatformInitiator [main] HHH000489: No JTA platform available (set 'hibernate.transaction.jta.platform' to enable JTA platform integration)
2024-06-03 20:01:17,556 INFO o.s.o.j.AbstractEntityManagerFactoryBean [main] Initialized JPA EntityManagerFactory for persistence unit 'default'
2024-06-03 20:01:17,987 INFO o.s.d.j.r.q.QueryEnhancerFactory [main] Hibernate is in classpath; If applicable, HQL parser will be used.
2024-06-03 20:01:18,926 WARN o.s.b.a.o.j.JpaBaseConfiguration$JpaWebConfiguration [main] spring.jpa.open-in-view is enabled by default. Therefore, database queries may be performed during view rendering. Explicitly configure spring.jpa.open-in-view to disable this warning
2024-06-03 20:01:20,072 INFO o.s.s.w.DefaultSecurityFilterChain [main] Will secure any request with [org.springframework.security.web.session.DisableEncodeUrlFilter@313c3cb, org.springframework.security.web.context.request.async.WebAsyncManagerIntegrationFilter@63fef83c, org.springframework.security.web.context.SecurityContextHolderFilter@5911dd25, org.springframework.security.web.header.HeaderWriterFilter@4d7f3adf, org.springframework.security.web.csrf.CsrfFilter@1ee04ff6, org.springframework.security.web.authentication.logout.LogoutFilter@608448e7, org.springframework.security.web.authentication.UsernamePasswordAuthenticationFilter@f53db1a, org.springframework.security.web.authentication.ui.DefaultLoginPageGeneratingFilter@63fcc21, org.springframework.security.web.authentication.ui.DefaultLogoutPageGeneratingFilter@5e752a2a, org.springframework.security.web.authentication.www.BasicAuthenticationFilter@17c3e33, org.springframework.security.web.savedrequest.RequestCacheAwareFilter@3725242e, org.springframework.security.web.servletapi.SecurityContextHolderAwareRequestFilter@6860c000, org.springframework.security.web.authentication.AnonymousAuthenticationFilter@52811dc1, org.springframework.security.web.access.ExceptionTranslationFilter@53d94a6b, org.springframework.security.web.access.intercept.AuthorizationFilter@4b37b01e]
2024-06-03 20:01:20,094 WARN o.s.s.c.a.w.b.WebSecurity [main] You are asking Spring Security to ignore Mvc [pattern='/webjars/**']. This is not recommended -- please use permitAll via HttpSecurity#authorizeHttpRequests instead.
2024-06-03 20:01:20,095 INFO o.s.s.w.DefaultSecurityFilterChain [main] Will not secure Mvc [pattern='/webjars/**']
2024-06-03 20:01:20,096 WARN o.s.s.c.a.w.b.WebSecurity [main] You are asking Spring Security to ignore Mvc [pattern='/images/**']. This is not recommended -- please use permitAll via HttpSecurity#authorizeHttpRequests instead.
2024-06-03 20:01:20,096 INFO o.s.s.w.DefaultSecurityFilterChain [main] Will not secure Mvc [pattern='/images/**']
2024-06-03 20:01:20,096 WARN o.s.s.c.a.w.b.WebSecurity [main] You are asking Spring Security to ignore Mvc [pattern='/css/**']. This is not recommended -- please use permitAll via HttpSecurity#authorizeHttpRequests instead.
2024-06-03 20:01:20,096 INFO o.s.s.w.DefaultSecurityFilterChain [main] Will not secure Mvc [pattern='/css/**']
2024-06-03 20:01:20,097 WARN o.s.s.c.a.w.b.WebSecurity [main] You are asking Spring Security to ignore Mvc [pattern='/assets/**']. This is not recommended -- please use permitAll via HttpSecurity#authorizeHttpRequests instead.
2024-06-03 20:01:20,097 INFO o.s.s.w.DefaultSecurityFilterChain [main] Will not secure Mvc [pattern='/assets/**']
2024-06-03 20:01:20,098 WARN o.s.s.c.a.w.b.WebSecurity [main] You are asking Spring Security to ignore Mvc [pattern='/favicon.ico']. This is not recommended -- please use permitAll via HttpSecurity#authorizeHttpRequests instead.
2024-06-03 20:01:20,098 INFO o.s.s.w.DefaultSecurityFilterChain [main] Will not secure Mvc [pattern='/favicon.ico']
2024-06-03 20:01:20,167 INFO o.a.j.l.DirectJDKLog [main] Starting ProtocolHandler ["http-nio-8082"]
2024-06-03 20:01:20,188 INFO o.s.b.w.e.t.TomcatWebServer [main] Tomcat started on port 8082 (http) with context path ''
2024-06-03 20:01:20,205 INFO o.s.b.StartupInfoLogger [main] Started Bej1Synergy7NugrahAnggaraSiregarChallange4Application in 25.625 seconds (process running for 27.718)
2024-06-03 20:01:23,503 INFO o.s.o.j.AbstractEntityManagerFactoryBean [SpringApplicationShutdownHook] Closing JPA EntityManagerFactory for persistence unit 'default'
2024-06-03 20:01:23,507 INFO c.z.h.HikariDataSource [SpringApplicationShutdownHook] HikariPool-1 - Shutdown initiated...
2024-06-03 20:01:27,062 INFO c.z.h.HikariDataSource [SpringApplicationShutdownHook] HikariPool-1 - Shutdown completed.
