2024-06-03 19:08:49,502 INFO o.s.b.StartupInfoLogger [main] Starting Bej1Synergy7NugrahAnggaraSiregarChallange4Application using Java 19.0.2 with PID 1720 (C:\Users\User\Desktop\BEJ1_SYNERGY-7_Nugrah-Anggara-Siregar_Challange-4\target\classes started by User in C:\Users\User\Desktop\BEJ1_SYNERGY-7_Nugrah-Anggara-Siregar_Challange-4)
2024-06-03 19:08:49,511 INFO o.s.b.SpringApplication [main] No active profile set, falling back to 1 default profile: "default"
2024-06-03 19:08:51,564 INFO o.s.d.r.c.RepositoryConfigurationDelegate [main] Bootstrapping Spring Data JPA repositories in DEFAULT mode.
2024-06-03 19:08:51,755 INFO o.s.d.r.c.RepositoryConfigurationDelegate [main] Finished Spring Data repository scanning in 175 ms. Found 6 JPA repository interfaces.
2024-06-03 19:08:53,120 INFO o.s.b.w.e.t.TomcatWebServer [main] Tomcat initialized with port 8082 (http)
2024-06-03 19:08:53,143 INFO o.a.j.l.DirectJDKLog [main] Initializing ProtocolHandler ["http-nio-8082"]
2024-06-03 19:08:53,148 INFO o.a.j.l.DirectJDKLog [main] Starting service [Tomcat]
2024-06-03 19:08:53,149 INFO o.a.j.l.DirectJDKLog [main] Starting Servlet engine: [Apache Tomcat/10.1.20]
2024-06-03 19:08:53,340 INFO o.a.j.l.DirectJDKLog [main] Initializing Spring embedded WebApplicationContext
2024-06-03 19:08:53,343 INFO o.s.b.w.s.c.ServletWebServerApplicationContext [main] Root WebApplicationContext: initialization completed in 3719 ms
2024-06-03 19:08:53,703 INFO o.h.j.i.u.LogHelper [main] HHH000204: Processing PersistenceUnitInfo [name: default]
2024-06-03 19:08:53,826 INFO o.h.Version [main] HHH000412: Hibernate ORM core version 6.4.4.Final
2024-06-03 19:08:53,901 INFO o.h.c.i.RegionFactoryInitiator [main] HHH000026: Second-level cache disabled
2024-06-03 19:08:54,376 INFO o.s.o.j.p.SpringPersistenceUnitInfo [main] No LoadTimeWeaver setup: ignoring JPA class transformer
2024-06-03 19:08:54,415 INFO c.z.h.HikariDataSource [main] HikariPool-1 - Starting...
2024-06-03 19:08:54,786 INFO c.z.h.p.HikariPool [main] HikariPool-1 - Added connection org.postgresql.jdbc.PgConnection@2d801d8
2024-06-03 19:08:54,789 INFO c.z.h.HikariDataSource [main] HikariPool-1 - Start completed.
2024-06-03 19:08:54,901 WARN o.h.e.j.d.i.DialectFactoryImpl [main] HHH90000025: PostgreSQLDialect does not need to be specified explicitly using 'hibernate.dialect' (remove the property setting and it will be selected by default)
2024-06-03 19:08:56,846 INFO o.h.e.t.j.p.i.JtaPlatformInitiator [main] HHH000489: No JTA platform available (set 'hibernate.transaction.jta.platform' to enable JTA platform integration)
2024-06-03 19:08:57,114 INFO o.s.o.j.AbstractEntityManagerFactoryBean [main] Initialized JPA EntityManagerFactory for persistence unit 'default'
2024-06-03 19:08:57,539 INFO o.s.d.j.r.q.QueryEnhancerFactory [main] Hibernate is in classpath; If applicable, HQL parser will be used.
2024-06-03 19:08:58,369 WARN o.s.b.a.o.j.JpaBaseConfiguration$JpaWebConfiguration [main] spring.jpa.open-in-view is enabled by default. Therefore, database queries may be performed during view rendering. Explicitly configure spring.jpa.open-in-view to disable this warning
2024-06-03 19:08:59,329 INFO o.s.s.w.DefaultSecurityFilterChain [main] Will secure any request with [org.springframework.security.web.session.DisableEncodeUrlFilter@4a5e0faf, org.springframework.security.web.context.request.async.WebAsyncManagerIntegrationFilter@680408ac, org.springframework.security.web.context.SecurityContextHolderFilter@4b6ad2eb, org.springframework.security.web.header.HeaderWriterFilter@7c1adb8a, org.springframework.security.web.csrf.CsrfFilter@1ae8556c, org.springframework.security.web.authentication.logout.LogoutFilter@b3c7c75, org.springframework.security.web.authentication.UsernamePasswordAuthenticationFilter@736af6f3, org.springframework.security.web.authentication.ui.DefaultLoginPageGeneratingFilter@3f7b15bb, org.springframework.security.web.authentication.ui.DefaultLogoutPageGeneratingFilter@73cd3b8, org.springframework.security.web.authentication.www.BasicAuthenticationFilter@6e49863e, org.springframework.security.web.savedrequest.RequestCacheAwareFilter@2122b4bd, org.springframework.security.web.servletapi.SecurityContextHolderAwareRequestFilter@5dd79a57, org.springframework.security.web.authentication.AnonymousAuthenticationFilter@6421d85c, org.springframework.security.web.access.ExceptionTranslationFilter@19e03398, org.springframework.security.web.access.intercept.AuthorizationFilter@276e5add]
2024-06-03 19:08:59,345 WARN o.s.s.c.a.w.b.WebSecurity [main] You are asking Spring Security to ignore Mvc [pattern='/webjars/**']. This is not recommended -- please use permitAll via HttpSecurity#authorizeHttpRequests instead.
2024-06-03 19:08:59,346 INFO o.s.s.w.DefaultSecurityFilterChain [main] Will not secure Mvc [pattern='/webjars/**']
2024-06-03 19:08:59,347 WARN o.s.s.c.a.w.b.WebSecurity [main] You are asking Spring Security to ignore Mvc [pattern='/images/**']. This is not recommended -- please use permitAll via HttpSecurity#authorizeHttpRequests instead.
2024-06-03 19:08:59,347 INFO o.s.s.w.DefaultSecurityFilterChain [main] Will not secure Mvc [pattern='/images/**']
2024-06-03 19:08:59,348 WARN o.s.s.c.a.w.b.WebSecurity [main] You are asking Spring Security to ignore Mvc [pattern='/css/**']. This is not recommended -- please use permitAll via HttpSecurity#authorizeHttpRequests instead.
2024-06-03 19:08:59,348 INFO o.s.s.w.DefaultSecurityFilterChain [main] Will not secure Mvc [pattern='/css/**']
2024-06-03 19:08:59,348 WARN o.s.s.c.a.w.b.WebSecurity [main] You are asking Spring Security to ignore Mvc [pattern='/assets/**']. This is not recommended -- please use permitAll via HttpSecurity#authorizeHttpRequests instead.
2024-06-03 19:08:59,350 INFO o.s.s.w.DefaultSecurityFilterChain [main] Will not secure Mvc [pattern='/assets/**']
2024-06-03 19:08:59,350 WARN o.s.s.c.a.w.b.WebSecurity [main] You are asking Spring Security to ignore Mvc [pattern='/favicon.ico']. This is not recommended -- please use permitAll via HttpSecurity#authorizeHttpRequests instead.
2024-06-03 19:08:59,350 INFO o.s.s.w.DefaultSecurityFilterChain [main] Will not secure Mvc [pattern='/favicon.ico']
2024-06-03 19:08:59,413 INFO o.a.j.l.DirectJDKLog [main] Starting ProtocolHandler ["http-nio-8082"]
2024-06-03 19:08:59,445 INFO o.s.b.w.e.t.TomcatWebServer [main] Tomcat started on port 8082 (http) with context path ''
2024-06-03 19:08:59,467 INFO o.s.b.StartupInfoLogger [main] Started Bej1Synergy7NugrahAnggaraSiregarChallange4Application in 10.996 seconds (process running for 12.886)
2024-06-03 19:09:30,683 INFO o.s.o.j.AbstractEntityManagerFactoryBean [SpringApplicationShutdownHook] Closing JPA EntityManagerFactory for persistence unit 'default'
2024-06-03 19:09:30,689 INFO c.z.h.HikariDataSource [SpringApplicationShutdownHook] HikariPool-1 - Shutdown initiated...
2024-06-03 19:09:30,709 INFO c.z.h.HikariDataSource [SpringApplicationShutdownHook] HikariPool-1 - Shutdown completed.
